2016-10-24 14:24:41 INFO  jgit.JGitCMD:28 - /data/github/tend-sell/APISampleApp/JGitSample/git/1477293879766/ created
2016-10-24 14:24:41 ERROR jgit.JGitCMD:105 -
java.lang.NullPointerException
	at getCommitMessage(jgit.JGitCMD.java:100)
	at jgit.Main.main(jgit.Main.java:28)
	at sun.reflect.NativeMethodAccessorImpl.invoke0(Native Method)
	at sun.reflect.NativeMethodAccessorImpl.invoke(NativeMethodAccessorImpl.java:62)
	at sun.reflect.DelegatingMethodAccessorImpl.invoke(DelegatingMethodAccessorImpl.java:43)
	at java.lang.reflect.Method.invoke(Method.java:498)
	at com.intellij.rt.execution.application.AppMain.main(AppMain.java:147)
2016-10-24 14:35:13 INFO  jgit.JGitCMD:28 - /data/github/tend-sell/APISampleApp/JGitSample/git/ created
2016-10-24 14:35:15 INFO  jgit.JGitCMD:64 - User configuration is: null - null. \nFrom:git@github.com:tendag/sell-web-automated-tests.git
2016-10-24 14:35:15 INFO  jgit.Main:29 -
Commit-Message: Update Image relative path base on os

2016-10-24 14:44:18 INFO  jgit.JGitCMD:28 - 1477295058021 created
2016-10-24 14:44:18 INFO  jgit.JGitCMD:64 - User configuration is: null - null. \nFrom:null
2016-10-24 14:44:18 ERROR jgit.JGitCMD:105 -
java.lang.NullPointerException
	at getCommitMessage(jgit.JGitCMD.java:100)
	at jgit.Main.main(jgit.Main.java:30)
	at sun.reflect.NativeMethodAccessorImpl.invoke0(Native Method)
	at sun.reflect.NativeMethodAccessorImpl.invoke(NativeMethodAccessorImpl.java:62)
	at sun.reflect.DelegatingMethodAccessorImpl.invoke(DelegatingMethodAccessorImpl.java:43)
	at java.lang.reflect.Method.invoke(Method.java:498)
	at com.intellij.rt.execution.application.AppMain.main(AppMain.java:147)
2016-10-24 14:46:42 INFO  jgit.JGitCMD:64 - User configuration is: null - null. \nFrom:git@github.com:annguyen-qh/CI-0.1.git
2016-10-24 14:46:42 INFO  jgit.Main:31 -
Commit-Message: rm testhook1

2016-10-24 14:47:19 INFO  jgit.Main:23 - org.eclipse.jgit.api.Status@26f67b76
2016-10-24 14:47:19 INFO  jgit.JGitCMD:64 - User configuration is: null - null. \nFrom:git@github.com:annguyen-qh/CI-0.1.git
2016-10-24 14:47:19 INFO  jgit.Main:32 -
Commit-Message: rm testhook1

2016-10-24 14:47:28 INFO  jgit.Main:23 - org.eclipse.jgit.api.Status@13c78c0b
2016-10-24 14:47:28 INFO  jgit.JGitCMD:64 - User configuration is: null - null. \nFrom:git@github.com:annguyen-qh/CI-0.1.git
2016-10-24 14:47:28 INFO  jgit.Main:32 -
Commit-Message: rm testhook1

2016-10-24 14:50:37 INFO  jgit.JGitCMD:64 - User configuration is: null - null. \nFrom:git@github.com:annguyen-qh/CI-0.1.git
2016-10-24 14:50:37 INFO  jgit.Main:31 -
Commit-Message: rm testhook1

2016-10-24 14:52:57 INFO  jgit.Main:39 - Untracked: [HelloWorld.class]

2016-10-24 14:52:57 INFO  jgit.JGitCMD:64 - User configuration is: null - null. \nFrom:git@github.com:annguyen-qh/CI-0.1.git
2016-10-24 14:52:57 INFO  jgit.Main:42 -
Commit-Message: rm testhook1

2016-10-24 15:02:22 INFO  jgit.Main:39 - Untracked: [HelloWorld.class]

2016-10-24 15:05:10 INFO  jgit.JGitCMD:64 - User configuration is: null - null. \nFrom:git@github.com:annguyen-qh/CI-0.1.git
2016-10-24 15:05:10 INFO  jgit.Main:43 -
Commit-Message: rm testhook1

2016-10-24 15:12:21 INFO  jgit.Main:39 - Added: [hihi]
Untracked: [HelloWorld.class]

2016-10-24 15:12:21 INFO  jgit.JGitCMD:64 - User configuration is: null - null. \nFrom:git@github.com:annguyen-qh/CI-0.1.git
2016-10-24 15:12:21 INFO  jgit.Main:43 -
Commit-Message: rm testhook1

2016-10-24 15:12:26 INFO  jgit.Main:39 - Added: [hihi]
Untracked: [HelloWorld.class]

2016-10-24 15:12:26 INFO  jgit.JGitCMD:64 - User configuration is: null - null. \nFrom:git@github.com:annguyen-qh/CI-0.1.git
2016-10-24 15:12:26 INFO  jgit.Main:43 -
Commit-Message: rm testhook1

